2023-09-14T19:41:26.315Z
cwd: ~/code/wts-prototype
package: govuk-prototype-kit@13.13.1
argv: /usr/local/bin/node ~/.npm/_npx/ab0cb2c39bc0319f/node_modules/.bin/govuk-prototype-kit migrate
Started [Check migration is being applied to a pre v13 prototype]
Succeeded [Check migration is being applied to a pre v13 prototype]
2023-09-14T19:41:33.677Z
cwd: ~/code/wts-prototype
package: govuk-prototype-kit@13.13.1
argv: /usr/local/bin/node ~/code/wts-prototype/node_modules/.bin/govuk-prototype-kit migrate -- ~/code/wts-prototype
Started [Migrate config.js to config.json]
Started [Update application SCSS file]
Started [Deleted files that are no longer needed]
Started [Deleted directories that are no longer needed]
Started [Delete listen-on-port.js]
Started [Delete start.js]
Started [Delete server.js]
Started [Delete gulpfile.js]
Started [Delete VERSION.txt]
Started [Delete Procfile]
Started [Remove unused directory gulp]
Started [Remove unused directory lib]
Started [Remove unused directory public]
Started [Delete app/assets/sass/application-ie8.scss]
Started [Delete app/assets/sass/unbranded-ie8.scss]
Started [Remove unused directory docs]
Succeeded [Migrate config.js to config.json]
Succeeded [Delete listen-on-port.js]
Succeeded [Delete start.js]
Succeeded [Delete server.js]
Succeeded [Delete gulpfile.js]
Succeeded [Delete VERSION.txt]
Succeeded [Delete Procfile]
Succeeded [Delete app/assets/sass/application-ie8.scss]
Succeeded [Delete app/assets/sass/unbranded-ie8.scss]
Succeeded [Deleted files that are no longer needed]
Found [// Add your routes here - above the module.exports line] in [app/routes.js], replacing
Started [Overwrite app/views/layout.html]
Started [Overwrite app/filters.js]
Started [Overwrite app/assets/javascripts/application.js]
Keeping these lines from old file
Found [// Add extra styles here, or re-organise the Sass files in whichever way makes most sense to you] in [app/assets/sass/application.scss], replacing
Failed [Overwrite app/views/layout.html]
Copying from [node_modules/govuk-prototype-kit/prototype-starter/app/filters.js] to [app/filters.js]
Started [Update app/assets/javascripts/application.js]
Started [Delete app/assets/images/separator-2x.png]
Started [Delete app/assets/javascripts/auto-store-data.js]
Started [Delete app/assets/images/separator.png]
Started [Delete app/views/includes/head.html]
Started [Delete app/views/includes/breadcrumb_examples.html]
Started [Delete app/views/includes/scripts.html]
Started [Delete app/assets/images/unbranded.ico]
Started [Delete app/views/layout_unbranded.html]
Started [Delete app/assets/sass/patterns/_contents-list.scss]
Started [Delete app/assets/sass/unbranded.scss]
Started [Delete app/assets/sass/patterns/_related-items.scss]
Started [Delete app/assets/sass/patterns/_pagination.scss]
Started [Delete app/assets/sass/patterns/_step-by-step-header.scss]
Started [Delete app/assets/sass/patterns/_mainstream-guide.scss]
Started [Delete app/assets/sass/patterns/_step-by-step-related.scss]
Started [Delete app/assets/javascripts/jquery-1.11.3.js]
Started [Delete app/assets/sass/patterns/_task-list.scss]
Started [Delete app/assets/sass/patterns/_step-by-step-nav.scss]
Keeping these lines from old file
Succeeded [Remove unused directory gulp]
Failed [Delete app/views/includes/head.html]
Failed [Delete app/views/includes/scripts.html]
Succeeded [Delete app/assets/images/separator-2x.png]
Succeeded [Delete app/assets/javascripts/auto-store-data.js]
Succeeded [Delete app/assets/images/separator.png]
Succeeded [Delete app/views/includes/breadcrumb_examples.html]
Succeeded [Delete app/assets/images/unbranded.ico]
Succeeded [Delete app/assets/sass/unbranded.scss]
Succeeded [Delete app/views/layout_unbranded.html]
Succeeded [Delete app/assets/sass/patterns/_contents-list.scss]
Succeeded [Delete app/assets/sass/patterns/_related-items.scss]
Succeeded [Delete app/assets/sass/patterns/_step-by-step-header.scss]
Succeeded [Delete app/assets/sass/patterns/_mainstream-guide.scss]
Succeeded [Delete app/assets/sass/patterns/_pagination.scss]
Succeeded [Delete app/assets/javascripts/jquery-1.11.3.js]
Succeeded [Delete app/assets/sass/patterns/_task-list.scss]
Succeeded [Delete app/assets/sass/patterns/_step-by-step-related.scss]
Succeeded [Update application SCSS file]
Succeeded [Delete app/assets/sass/patterns/_step-by-step-nav.scss]
//,// For guidance on how to create routes see:,// https://prototype-kit.service.gov.uk/docs/create-routes,//,,const govukPrototypeKit = require('govuk-prototype-kit'),const router = govukPrototypeKit.requests.setupRouter(),,// Add your routes here,,,router.use('/', (req, res, next) => {,  res.locals.currentURL = req.originalUrl; //current screen,  res.locals.prevURL = req.get('Referrer'); // previous screen,  req.folder = req.originalUrl.split('/')[1]; //folder, e.g. 'current',  req.subfolder = req.originalUrl.split('/')[2]; //sub-folder e.g. 'service',  res.locals.folder = req.folder; // what folder the url is,  res.locals.subfolder = req.subfolder; // what subfolder the URL is in, // console.log('folder : ' + res.locals.folder + ', subfolder : ' + res.locals.subfolder  );,  //console.log('previous page is: ' + res.locals.prevURL + " and current page is " + res.locals.currentURL );,  next();,});,,,// Route index page,router.get('/', function (req, res) {,  res.render('./index'),});,,router.use('/v9', require('./views/v9/_routes')),router.use('/v10', require('./views/v10/_routes')),router.use('/v11', require('./views/v11/_routes')),router.use('/v12', require('./views/v12/_routes')),router.use('/v12_1', require('./views/v12_1/_routes')),router.use('/v12_2', require('./views/v12_2/_routes')),router.use('/v12_3', require('./views/v12_3/_routes')),router.use('/v12_4', require('./views/v12_4/_routes')),router.use('/v12_5', require('./views/v12_5/_routes')),router.use('/v12_6', require('./views/v12_6/_routes')),router.use('/v12_7', require('./views/v12_7/_routes')),router.use('/v13', require('./views/v13/_routes')),router.use('/v13_1', require('./views/v13_1/_routes')),router.use('/v14', require('./views/v14/_routes')),router.use('/v14_1', require('./views/v14_1/_routes')),router.use('/v14_2', require('./views/v14_2/_routes')),router.use('/v14_3', require('./views/v14_3/_routes')),router.use('/v15', require('./views/v15/_routes')),router.use('/v16_a', require('./views/v16_a/_routes')),router.use('/v16_b', require('./views/v16_b/_routes')),router.use('/v17', require('./views/v17/_routes')),router.use('/v18', require('./views/v18/_routes')),,/* // V18 routes,router.use('/v18/', (req, res, next) => {,  //req.session.data["entered-criteria"] = undefined;,  return require(`./views/v18/_routes`)(req, res, next);,}) */,,// V19 routes,router.use('/v19/', (req, res, next) => {,  //req.session.data["entered-criteria"] = undefined;,  return require(`./views/v19/_routes`)(req, res, next);,}),,,module.exports = router,
Succeeded [Update app/assets/javascripts/application.js]
Found [module.exports = router;,module.exports = router] in [app/routes.js], removing
Succeeded [Remove unused directory lib]
Succeeded [Remove unused directory public]
Succeeded [Overwrite app/assets/javascripts/application.js]
Succeeded [Overwrite app/filters.js]
Succeeded [Update routes file]
Succeeded [Remove unused directory docs]
Succeeded [Deleted directories that are no longer needed]
Started [Remove old pattern includes from application SCSS file]
Succeeded [Remove old pattern includes from application SCSS file]
Started [Remove empty directory app/assets/sass/patterns]
Started [Remove empty directory app/assets/images]
Started [Remove empty directory app/views/includes]
Skipped deleting app/assets/sass/patterns
Skipped deleting app/views/includes
Succeeded [Remove empty directory app/assets/images]
